<?xml version="1.0" encoding="UTF-8"?>
<testng-results ignored="0" total="1" passed="1" failed="0" skipped="0">
  <reporter-output>
  </reporter-output>
  <suite started-at="2022-03-15T07:52:34 IST" name="Default suite" finished-at="2022-03-15T07:52:34 IST" duration-ms="63">
    <groups>
    </groups>
    <test started-at="2022-03-15T07:52:34 IST" name="Default test" finished-at="2022-03-15T07:52:34 IST" duration-ms="63">
      <class name="ProductTest.ProductTest">
        <test-method signature="createProductTest()[pri:0, instance:ProductTest.ProductTest@68e965f5]" started-at="2022-03-15T07:52:34 IST" name="createProductTest" finished-at="2022-03-15T07:52:34 IST" duration-ms="13" status="PASS">
          <reporter-output>
          </reporter-output>
        </test-method> <!-- createProductTest -->
      </class> <!-- ProductTest.ProductTest -->
    </test> <!-- Default test -->
  </suite> <!-- Default suite -->
</testng-results>
